<?xml version="1.0" encoding="utf-8"?><testsuites name="pytest tests"><testsuite name="pytest" errors="0" failures="0" skipped="0" tests="12" time="2.926" timestamp="2026-01-18T22:37:00.008091+00:00" hostname="agent-env-749d28ac-560c-456f-9f6b-6812f0985571"><testcase classname="tests.test_adaptive_alerts.TestSensitivityPresets" name="test_get_sensitivity_presets" time="0.163" /><testcase classname="tests.test_adaptive_alerts.TestAlertRuleWithSensitivity" name="test_create_alert_with_sensitivity" time="0.184" /><testcase classname="tests.test_adaptive_alerts.TestAlertRuleWithSensitivity" name="test_create_alert_with_medium_sensitivity" time="0.197" /><testcase classname="tests.test_adaptive_alerts.TestFeedbackAPI" name="test_get_feedback_returns_stats24h" time="0.303" /><testcase classname="tests.test_adaptive_alerts.TestFeedbackAPI" name="test_feedback_shows_reduce_sensitivity_when_noisy" time="0.267" /><testcase classname="tests.test_adaptive_alerts.TestReduceSensitivityAPI" name="test_reduce_sensitivity_from_high_to_medium" time="0.261" /><testcase classname="tests.test_adaptive_alerts.TestReduceSensitivityAPI" name="test_reduce_sensitivity_from_medium_to_low" time="0.383" /><testcase classname="tests.test_adaptive_alerts.TestUpdateSensitivityAPI" name="test_update_sensitivity_to_high" time="0.223" /><testcase classname="tests.test_adaptive_alerts.TestUpdateSensitivityAPI" name="test_update_sensitivity_to_low" time="0.290" /><testcase classname="tests.test_adaptive_alerts.TestUpdateSensitivityAPI" name="test_update_sensitivity_invalid_value" time="0.196" /><testcase classname="tests.test_adaptive_alerts.TestHealthAndBasicAPIs" name="test_health_endpoint" time="0.059" /><testcase classname="tests.test_adaptive_alerts.TestHealthAndBasicAPIs" name="test_alerts_rules_list" time="0.042" /></testsuite></testsuites>