<?xml version="1.0" encoding="utf-8"?><testsuites name="pytest tests"><testsuite name="pytest" errors="0" failures="0" skipped="0" tests="18" time="1.551" timestamp="2026-01-17T12:31:06.339310+00:00" hostname="agent-env-dae3c789-ca91-4762-bee5-2aed0774ff74"><testcase classname="tests.test_alerts_api.TestAlertRulesAPI" name="test_get_alert_rules_empty" time="0.074" /><testcase classname="tests.test_alerts_api.TestAlertRulesAPI" name="test_create_alert_rule" time="0.054" /><testcase classname="tests.test_alerts_api.TestAlertRulesAPI" name="test_create_alert_rule_auto_creates_watchlist" time="0.057" /><testcase classname="tests.test_alerts_api.TestAlertRulesAPI" name="test_get_alert_rules_with_data" time="0.096" /><testcase classname="tests.test_alerts_api.TestAlertRulesAPI" name="test_get_alert_rules_active_only" time="0.045" /><testcase classname="tests.test_alerts_api.TestAlertRulesAPI" name="test_update_alert_rule_pause" time="0.139" /><testcase classname="tests.test_alerts_api.TestAlertRulesAPI" name="test_update_alert_rule_resume" time="0.127" /><testcase classname="tests.test_alerts_api.TestAlertRulesAPI" name="test_delete_alert_rule" time="0.123" /><testcase classname="tests.test_alerts_api.TestAlertRulesAPI" name="test_delete_nonexistent_rule" time="0.041" /><testcase classname="tests.test_alerts_api.TestAlertRulesAPI" name="test_update_nonexistent_rule" time="0.224" /><testcase classname="tests.test_alerts_api.TestTelegramAPI" name="test_get_telegram_connection_status" time="0.035" /><testcase classname="tests.test_alerts_api.TestTelegramAPI" name="test_generate_telegram_connection_link" time="0.041" /><testcase classname="tests.test_alerts_api.TestAlertsFeed" name="test_get_alerts_feed" time="0.039" /><testcase classname="tests.test_alerts_api.TestAlertsFeed" name="test_get_alerts_feed_unacknowledged" time="0.041" /><testcase classname="tests.test_alerts_api.TestAlertsFeed" name="test_acknowledge_all_alerts" time="0.040" /><testcase classname="tests.test_alerts_api.TestAlertsStats" name="test_get_alerts_stats" time="0.080" /><testcase classname="tests.test_alerts_api.TestHealthEndpoint" name="test_health_check" time="0.036" /><testcase classname="tests.test_alerts_api.TestAnonymousUserFlow" name="test_anonymous_user_can_create_alert" time="0.119" /></testsuite></testsuites>