<?xml version="1.0" encoding="utf-8"?><testsuites name="pytest tests"><testsuite name="pytest" errors="0" failures="0" skipped="0" tests="16" time="7.700" timestamp="2026-01-18T00:07:04.055271+00:00" hostname="agent-env-90f7d3a7-5ddb-44a3-ab9c-c4b09b14d458"><testcase classname="tests.test_wallet_alerts.TestHealthCheck" name="test_api_health" time="0.072" /><testcase classname="tests.test_wallet_alerts.TestWalletAlertCreation" name="test_create_wallet_alert_accumulation" time="0.045" /><testcase classname="tests.test_wallet_alerts.TestWalletAlertCreation" name="test_create_wallet_alert_distribution" time="0.044" /><testcase classname="tests.test_wallet_alerts.TestWalletAlertCreation" name="test_create_wallet_alert_large_move" time="0.041" /><testcase classname="tests.test_wallet_alerts.TestWalletAlertCreation" name="test_create_wallet_alert_smart_money_entry" time="0.044" /><testcase classname="tests.test_wallet_alerts.TestWalletAlertCreation" name="test_create_wallet_alert_activity_spike" time="0.046" /><testcase classname="tests.test_wallet_alerts.TestWatchlistAPI" name="test_add_wallet_to_watchlist" time="0.041" /><testcase classname="tests.test_wallet_alerts.TestWatchlistAPI" name="test_get_wallet_watchlist" time="0.042" /><testcase classname="tests.test_wallet_alerts.TestWatchlistAPI" name="test_get_watchlist_item_by_id" time="0.042" /><testcase classname="tests.test_wallet_alerts.TestTokenSearch" name="test_resolve_token_by_symbol" time="0.040" /><testcase classname="tests.test_wallet_alerts.TestTokenSearch" name="test_resolve_token_by_address" time="0.038" /><testcase classname="tests.test_wallet_alerts.TestTokenSearch" name="test_resolve_wallet_address" time="6.588" /><testcase classname="tests.test_wallet_alerts.TestTokenAlertCreation" name="test_create_token_alert_accumulation" time="0.059" /><testcase classname="tests.test_wallet_alerts.TestAlertRulesManagement" name="test_get_all_alert_rules" time="0.045" /><testcase classname="tests.test_wallet_alerts.TestAlertRulesManagement" name="test_get_active_alert_rules" time="0.044" /><testcase classname="tests.test_wallet_alerts.TestCleanup" name="test_cleanup_test_rules" time="0.334" /></testsuite></testsuites>