<?xml version="1.0" encoding="utf-8"?><testsuites name="pytest tests"><testsuite name="pytest" errors="0" failures="2" skipped="0" tests="14" time="9.186" timestamp="2026-01-18T22:09:13.738955+00:00" hostname="agent-env-749d28ac-560c-456f-9f6b-6812f0985571"><testcase classname="tests.test_market_alert_feedback.TestMarketPageAPIs" name="test_health_check" time="0.080" /><testcase classname="tests.test_market_alert_feedback.TestMarketPageAPIs" name="test_top_active_tokens_returns_data" time="1.874" /><testcase classname="tests.test_market_alert_feedback.TestMarketPageAPIs" name="test_emerging_signals_returns_data" time="3.417" /><testcase classname="tests.test_market_alert_feedback.TestMarketPageAPIs" name="test_new_actors_returns_data" time="2.177" /><testcase classname="tests.test_market_alert_feedback.TestAlertFeedbackLoopAPIs" name="test_create_alert_rule" time="0.093" /><testcase classname="tests.test_market_alert_feedback.TestAlertFeedbackLoopAPIs" name="test_get_feedback_status_endpoint" time="0.201" /><testcase classname="tests.test_market_alert_feedback.TestAlertFeedbackLoopAPIs" name="test_pause_rule_endpoint" time="0.209"><failure message="assert 400 == 200&#10; +  where 400 = &lt;Response [400]&gt;.status_code">tests/test_market_alert_feedback.py:216: in test_pause_rule_endpoint
    assert response.status_code == 200
E   assert 400 == 200
E    +  where 400 = &lt;Response [400]&gt;.status_code</failure></testcase><testcase classname="tests.test_market_alert_feedback.TestAlertFeedbackLoopAPIs" name="test_reduce_sensitivity_endpoint" time="0.218"><failure message="assert 400 == 200&#10; +  where 400 = &lt;Response [400]&gt;.status_code">tests/test_market_alert_feedback.py:236: in test_reduce_sensitivity_endpoint
    assert response.status_code == 200
E   assert 400 == 200
E    +  where 400 = &lt;Response [400]&gt;.status_code</failure></testcase><testcase classname="tests.test_market_alert_feedback.TestAlertFeedbackLoopAPIs" name="test_feedback_not_found_for_invalid_rule" time="0.045" /><testcase classname="tests.test_market_alert_feedback.TestAlertRulesCRUD" name="test_list_alert_rules" time="0.080" /><testcase classname="tests.test_market_alert_feedback.TestAlertRulesCRUD" name="test_update_alert_rule_status" time="0.230" /><testcase classname="tests.test_market_alert_feedback.TestAlertRulesCRUD" name="test_delete_alert_rule" time="0.059" /><testcase classname="tests.test_market_alert_feedback.TestFeedbackHintConditions" name="test_feedback_not_shown_for_new_rule" time="0.170" /><testcase classname="tests.test_market_alert_feedback.TestFeedbackHintConditions" name="test_feedback_conditions_documented" time="0.209" /></testsuite></testsuites>