<?xml version="1.0" encoding="utf-8"?><testsuites name="pytest tests"><testsuite name="pytest" errors="0" failures="0" skipped="0" tests="32" time="61.303" timestamp="2026-01-18T21:46:46.911241+00:00" hostname="agent-env-749d28ac-560c-456f-9f6b-6812f0985571"><testcase classname="tests.test_p0_p2_wallet_market.TestHealthCheck" name="test_health_endpoint" time="0.116" /><testcase classname="tests.test_p0_p2_wallet_market.TestWalletActivitySnapshot" name="test_activity_snapshot_returns_200" time="0.096" /><testcase classname="tests.test_p0_p2_wallet_market.TestWalletActivitySnapshot" name="test_activity_snapshot_structure" time="0.040" /><testcase classname="tests.test_p0_p2_wallet_market.TestWalletActivitySnapshot" name="test_activity_snapshot_activity_fields" time="0.074" /><testcase classname="tests.test_p0_p2_wallet_market.TestWalletActivitySnapshot" name="test_activity_snapshot_interpretation" time="0.064" /><testcase classname="tests.test_p0_p2_wallet_market.TestWalletActivitySnapshot" name="test_activity_snapshot_different_windows" time="0.157" /><testcase classname="tests.test_p0_p2_wallet_market.TestWalletSignals" name="test_signals_returns_200" time="0.074" /><testcase classname="tests.test_p0_p2_wallet_market.TestWalletSignals" name="test_signals_structure" time="0.059" /><testcase classname="tests.test_p0_p2_wallet_market.TestWalletSignals" name="test_signals_baseline_fields" time="0.053" /><testcase classname="tests.test_p0_p2_wallet_market.TestWalletSignals" name="test_signals_checked_metrics" time="0.066" /><testcase classname="tests.test_p0_p2_wallet_market.TestWalletRelatedAddresses" name="test_related_returns_200" time="0.049" /><testcase classname="tests.test_p0_p2_wallet_market.TestWalletRelatedAddresses" name="test_related_structure" time="0.074" /><testcase classname="tests.test_p0_p2_wallet_market.TestWalletRelatedAddresses" name="test_related_interpretation" time="0.082" /><testcase classname="tests.test_p0_p2_wallet_market.TestWalletPerformance" name="test_performance_returns_200" time="0.047" /><testcase classname="tests.test_p0_p2_wallet_market.TestWalletPerformance" name="test_performance_structure" time="0.062" /><testcase classname="tests.test_p0_p2_wallet_market.TestWalletPerformance" name="test_performance_label_valid" time="0.065" /><testcase classname="tests.test_p0_p2_wallet_market.TestMarketTopActiveTokens" name="test_top_active_tokens_returns_200" time="3.028" /><testcase classname="tests.test_p0_p2_wallet_market.TestMarketTopActiveTokens" name="test_top_active_tokens_structure" time="2.579" /><testcase classname="tests.test_p0_p2_wallet_market.TestMarketTopActiveTokens" name="test_top_active_tokens_token_fields" time="2.927" /><testcase classname="tests.test_p0_p2_wallet_market.TestMarketTopActiveTokens" name="test_top_active_tokens_limit_param" time="6.999" /><testcase classname="tests.test_p0_p2_wallet_market.TestMarketEmergingSignals" name="test_emerging_signals_returns_200" time="11.881" /><testcase classname="tests.test_p0_p2_wallet_market.TestMarketEmergingSignals" name="test_emerging_signals_structure" time="9.810" /><testcase classname="tests.test_p0_p2_wallet_market.TestMarketEmergingSignals" name="test_emerging_signals_interpretation" time="9.973" /><testcase classname="tests.test_p0_p2_wallet_market.TestMarketEmergingSignals" name="test_emerging_signals_token_with_signals" time="4.344" /><testcase classname="tests.test_p0_p2_wallet_market.TestMarketNewActors" name="test_new_actors_returns_200" time="2.218" /><testcase classname="tests.test_p0_p2_wallet_market.TestMarketNewActors" name="test_new_actors_structure" time="1.931" /><testcase classname="tests.test_p0_p2_wallet_market.TestMarketNewActors" name="test_new_actors_interpretation" time="1.883" /><testcase classname="tests.test_p0_p2_wallet_market.TestMarketNewActors" name="test_new_actors_actor_fields" time="1.951" /><testcase classname="tests.test_p0_p2_wallet_market.TestEmptyStateInterpretations" name="test_wallet_activity_empty_interpretation" time="0.065" /><testcase classname="tests.test_p0_p2_wallet_market.TestEmptyStateInterpretations" name="test_wallet_signals_empty_interpretation" time="0.083" /><testcase classname="tests.test_p0_p2_wallet_market.TestEmptyStateInterpretations" name="test_wallet_related_empty_interpretation" time="0.042" /><testcase classname="tests.test_p0_p2_wallet_market.TestEmptyStateInterpretations" name="test_wallet_performance_empty_interpretation" time="0.043" /></testsuite></testsuites>