<?xml version="1.0" encoding="utf-8"?><testsuites name="pytest tests"><testsuite name="pytest" errors="0" failures="0" skipped="0" tests="14" time="81.580" timestamp="2026-01-18T19:26:20.044380+00:00" hostname="agent-env-c37984fe-976a-4067-b643-2855e5fa4c71"><testcase classname="tests.test_p2_coingecko_features.TestHealthCheck" name="test_api_health" time="0.114" /><testcase classname="tests.test_p2_coingecko_features.TestCoinGeckoStablecoinPrices" name="test_usdt_stablecoin_price" time="9.401" /><testcase classname="tests.test_p2_coingecko_features.TestCoinGeckoStablecoinPrices" name="test_usdc_stablecoin_price" time="6.164" /><testcase classname="tests.test_p2_coingecko_features.TestCoinGeckoStablecoinPrices" name="test_dai_stablecoin_price" time="0.901" /><testcase classname="tests.test_p2_coingecko_features.TestCoinGeckoLivePrices" name="test_weth_coingecko_price" time="2.546" /><testcase classname="tests.test_p2_coingecko_features.TestCoinGeckoLivePrices" name="test_link_coingecko_price" time="0.685" /><testcase classname="tests.test_p2_coingecko_features.TestCoinGeckoLivePrices" name="test_uni_coingecko_price" time="0.240" /><testcase classname="tests.test_p2_coingecko_features.TestTokenActivityAPIStructure" name="test_token_activity_response_structure" time="9.062" /><testcase classname="tests.test_p2_coingecko_features.TestTokenActivityAPIStructure" name="test_price_source_values" time="11.038" /><testcase classname="tests.test_p2_coingecko_features.TestTokenActivityWindows" name="test_1h_window" time="6.014" /><testcase classname="tests.test_p2_coingecko_features.TestTokenActivityWindows" name="test_6h_window" time="13.568" /><testcase classname="tests.test_p2_coingecko_features.TestTokenActivityWindows" name="test_24h_window" time="9.809" /><testcase classname="tests.test_p2_coingecko_features.TestPriceNoteMessages" name="test_stablecoin_price_note" time="9.637" /><testcase classname="tests.test_p2_coingecko_features.TestPriceNoteMessages" name="test_coingecko_price_note" time="2.195" /></testsuite></testsuites>