<?xml version="1.0" encoding="utf-8"?><testsuites name="pytest tests"><testsuite name="pytest" errors="0" failures="0" skipped="0" tests="14" time="9.005" timestamp="2026-01-18T22:09:51.317129+00:00" hostname="agent-env-749d28ac-560c-456f-9f6b-6812f0985571"><testcase classname="tests.test_market_alert_feedback.TestMarketPageAPIs" name="test_health_check" time="0.082" /><testcase classname="tests.test_market_alert_feedback.TestMarketPageAPIs" name="test_top_active_tokens_returns_data" time="2.038" /><testcase classname="tests.test_market_alert_feedback.TestMarketPageAPIs" name="test_emerging_signals_returns_data" time="3.146" /><testcase classname="tests.test_market_alert_feedback.TestMarketPageAPIs" name="test_new_actors_returns_data" time="2.115" /><testcase classname="tests.test_market_alert_feedback.TestAlertFeedbackLoopAPIs" name="test_create_alert_rule" time="0.068" /><testcase classname="tests.test_market_alert_feedback.TestAlertFeedbackLoopAPIs" name="test_get_feedback_status_endpoint" time="0.190" /><testcase classname="tests.test_market_alert_feedback.TestAlertFeedbackLoopAPIs" name="test_pause_rule_endpoint" time="0.197" /><testcase classname="tests.test_market_alert_feedback.TestAlertFeedbackLoopAPIs" name="test_reduce_sensitivity_endpoint" time="0.210" /><testcase classname="tests.test_market_alert_feedback.TestAlertFeedbackLoopAPIs" name="test_feedback_not_found_for_invalid_rule" time="0.052" /><testcase classname="tests.test_market_alert_feedback.TestAlertRulesCRUD" name="test_list_alert_rules" time="0.046" /><testcase classname="tests.test_market_alert_feedback.TestAlertRulesCRUD" name="test_update_alert_rule_status" time="0.236" /><testcase classname="tests.test_market_alert_feedback.TestAlertRulesCRUD" name="test_delete_alert_rule" time="0.121" /><testcase classname="tests.test_market_alert_feedback.TestFeedbackHintConditions" name="test_feedback_not_shown_for_new_rule" time="0.205" /><testcase classname="tests.test_market_alert_feedback.TestFeedbackHintConditions" name="test_feedback_conditions_documented" time="0.195" /></testsuite></testsuites>